1556218794.345662 client started (7023): version 2.9, socket /private/tmp/tmux-501/default, protocol 8
1556218794.345721 on Darwin 18.2.0 Darwin Kernel Version 18.2.0: Thu Dec 20 20:46:53 PST 2018; root:xnu-4903.241.1~1/RELEASE_X86_64; libevent 2.1.8-stable (select)
1556218794.345775 socket is /private/tmp/tmux-501/default
1556218794.345801 trying connect
1556218794.345907 add peer 0x7f8939039600: 6 (0x0)
1556218794.347512 sending message 100 to peer 0x7f8939039600 (4 bytes)
1556218794.347536 sending message 101 to peer 0x7f8939039600 (15 bytes)
1556218794.347547 sending message 102 to peer 0x7f8939039600 (13 bytes)
1556218794.347556 sending message 108 to peer 0x7f8939039600 (42 bytes)
1556218794.347575 sending message 104 to peer 0x7f8939039600 (0 bytes)
1556218794.347585 sending message 107 to peer 0x7f8939039600 (4 bytes)
1556218794.347595 sending message 105 to peer 0x7f8939039600 (76 bytes)
1556218794.347604 sending message 105 to peer 0x7f8939039600 (15 bytes)
1556218794.347613 sending message 105 to peer 0x7f8939039600 (20 bytes)
1556218794.347622 sending message 105 to peer 0x7f8939039600 (75 bytes)
1556218794.347630 sending message 105 to peer 0x7f8939039600 (11 bytes)
1556218794.347639 sending message 105 to peer 0x7f8939039600 (29 bytes)
1556218794.347648 sending message 105 to peer 0x7f8939039600 (22 bytes)
1556218794.347657 sending message 105 to peer 0x7f8939039600 (61 bytes)
1556218794.347666 sending message 105 to peer 0x7f8939039600 (17 bytes)
1556218794.347675 sending message 105 to peer 0x7f8939039600 (21 bytes)
1556218794.347684 sending message 105 to peer 0x7f8939039600 (8 bytes)
1556218794.347692 sending message 105 to peer 0x7f8939039600 (25 bytes)
1556218794.347701 sending message 105 to peer 0x7f8939039600 (32 bytes)
1556218794.347710 sending message 105 to peer 0x7f8939039600 (231 bytes)
1556218794.347719 sending message 105 to peer 0x7f8939039600 (16 bytes)
1556218794.347728 sending message 105 to peer 0x7f8939039600 (37 bytes)
1556218794.347737 sending message 105 to peer 0x7f8939039600 (31 bytes)
1556218794.347746 sending message 105 to peer 0x7f8939039600 (11 bytes)
1556218794.347755 sending message 105 to peer 0x7f8939039600 (641 bytes)
1556218794.347764 sending message 105 to peer 0x7f8939039600 (46 bytes)
1556218794.347773 sending message 105 to peer 0x7f8939039600 (42 bytes)
1556218794.347782 sending message 105 to peer 0x7f8939039600 (16 bytes)
1556218794.347791 sending message 105 to peer 0x7f8939039600 (15 bytes)
1556218794.347799 sending message 105 to peer 0x7f8939039600 (8 bytes)
1556218794.347808 sending message 105 to peer 0x7f8939039600 (18 bytes)
1556218794.347817 sending message 105 to peer 0x7f8939039600 (91 bytes)
1556218794.347826 sending message 105 to peer 0x7f8939039600 (20 bytes)
1556218794.347835 sending message 105 to peer 0x7f8939039600 (23 bytes)
1556218794.347844 sending message 105 to peer 0x7f8939039600 (27 bytes)
1556218794.347853 sending message 105 to peer 0x7f8939039600 (60 bytes)
1556218794.347862 sending message 105 to peer 0x7f8939039600 (57 bytes)
1556218794.347871 sending message 105 to peer 0x7f8939039600 (43 bytes)
1556218794.347879 sending message 105 to peer 0x7f8939039600 (14 bytes)
1556218794.347888 sending message 105 to peer 0x7f8939039600 (64 bytes)
1556218794.347897 sending message 105 to peer 0x7f8939039600 (22 bytes)
1556218794.347906 sending message 105 to peer 0x7f8939039600 (14 bytes)
1556218794.347914 sending message 105 to peer 0x7f8939039600 (19 bytes)
1556218794.347923 sending message 105 to peer 0x7f8939039600 (39 bytes)
1556218794.347932 sending message 105 to peer 0x7f8939039600 (30 bytes)
1556218794.347940 sending message 105 to peer 0x7f8939039600 (87 bytes)
1556218794.347949 sending message 105 to peer 0x7f8939039600 (32 bytes)
1556218794.347958 sending message 105 to peer 0x7f8939039600 (129 bytes)
1556218794.347967 sending message 105 to peer 0x7f8939039600 (110 bytes)
1556218794.347975 sending message 105 to peer 0x7f8939039600 (59 bytes)
1556218794.347984 sending message 105 to peer 0x7f8939039600 (55 bytes)
1556218794.347993 sending message 105 to peer 0x7f8939039600 (34 bytes)
1556218794.348014 sending message 105 to peer 0x7f8939039600 (40 bytes)
1556218794.348021 sending message 105 to peer 0x7f8939039600 (67 bytes)
1556218794.348028 sending message 105 to peer 0x7f8939039600 (22 bytes)
1556218794.348034 sending message 106 to peer 0x7f8939039600 (0 bytes)
1556218794.348043 sending message 200 to peer 0x7f8939039600 (4 bytes)
1556218794.348050 client loop enter
1556218794.348377 peer 0x7f8939039600 message 211
1556218794.348398 client_write: sessions should be nested with care, unset $TMUX to force\n
1556218794.348422 peer 0x7f8939039600 message 203
1556218794.348431 client loop exit
